            100       0.609589              0
            200       0.610751     0.00116227
            300       0.612424     0.00180268
            400       0.612293      0.0012814
            500       0.609972     0.00252488
            600       0.611619     0.00263907
            700        0.61212     0.00228578
            800       0.612136     0.00197962
            900       0.612341     0.00175786
           1000       0.613398     0.00189436
           1100        0.61189     0.00228239
           1200       0.612575     0.00219299
           1300       0.612915     0.00204579
           1400       0.612399     0.00196312
           1500       0.612853     0.00188314
           1600       0.612878     0.00176169
           1700       0.612709     0.00166338
           1800       0.613316     0.00168155
           1900       0.613389     0.00159226
           2000       0.612984     0.00156392
