            100       -6.58411              0
            200       -6.58241     0.00169463
            300        -6.5821     0.00102891
            400        -6.5822    0.000734564
            500       -6.58243     0.00061598
            600       -6.58262    0.000535362
            700       -6.58224    0.000588995
            800       -6.58205    0.000542641
            900       -6.58208    0.000479046
           1000       -6.58205    0.000429139
           1100       -6.58198     0.00039497
           1200       -6.58216    0.000404036
           1300       -6.58215    0.000371785
           1400       -6.58205    0.000357517
           1500       -6.58213    0.000341025
           1600       -6.58216    0.000320999
           1700       -6.58218     0.00030183
           1800       -6.58223    0.000289347
           1900       -6.58231    0.000284061
           2000       -6.58245    0.000305389
