            100        -7.1937              0
            200       -7.19316    0.000532362
            300       -7.19452     0.00138914
            400       -7.19449    0.000982719
            500        -7.1924      0.0022202
            600       -7.19424     0.00257664
            700       -7.19436     0.00218113
            800       -7.19419      0.0018964
            900       -7.19442     0.00168774
           1000       -7.19545     0.00182903
           1100       -7.19387     0.00228815
           1200       -7.19474     0.00226139
           1300       -7.19507     0.00210632
           1400       -7.19445     0.00204411
           1500       -7.19498     0.00197497
           1600       -7.19504      0.0018484
           1700       -7.19489     0.00174318
           1800       -7.19555     0.00177075
           1900       -7.19569     0.00168157
           2000       -7.19543     0.00161655
