            100       0.406393              0
            200       0.407168    0.000774847
            300       0.408283     0.00120179
            400       0.408196    0.000854265
            500       0.406648     0.00168325
            600       0.407746     0.00175938
            700        0.40808     0.00152386
            800       0.408091     0.00131975
            900       0.408228     0.00117191
           1000       0.408932     0.00126291
           1100       0.407927     0.00152159
           1200       0.408383       0.001462
           1300        0.40861     0.00136386
           1400       0.408266     0.00130874
           1500       0.408569     0.00125542
           1600       0.408585     0.00117446
           1700       0.408473     0.00110892
           1800       0.408877     0.00112103
           1900       0.408926     0.00106151
           2000       0.408656     0.00104262
