             20      -0.411363              0
             40      -0.402215     0.00914811
             60      -0.399889     0.00577109
             80      -0.396248     0.00546928
            100      -0.397033     0.00430862
            120      -0.397775     0.00359532
            140      -0.398983     0.00327015
            160      -0.401676     0.00390785
            180      -0.403763     0.00402893
            200      -0.406088     0.00428836
            220      -0.408315     0.00447287
            240      -0.414694     0.00757409
            260      -0.420389     0.00899885
            280      -0.423731     0.00897645
            300      -0.427318     0.00909392
            320      -0.430299     0.00901373
            340       -0.43081     0.00848235
            360      -0.431385     0.00801789
            380      -0.430857     0.00760257
            400      -0.430332      0.0072315
            420      -0.429084     0.00699073
            440      -0.428881      0.0066685
            460      -0.428413     0.00638917
            480      -0.428334     0.00611767
            500       -0.42806     0.00587429
            520      -0.428105     0.00564401
            540      -0.427976     0.00543247
            560      -0.426517     0.00543446
            580      -0.426341     0.00524666
            600      -0.425333     0.00516815
            620      -0.425036     0.00500744
            640      -0.425336     0.00485768
            660       -0.42642     0.00483139
            680      -0.427711     0.00486166
            700      -0.430118     0.00529887
            720      -0.432386     0.00562697
            740      -0.434925     0.00603313
            760       -0.43622     0.00601321
            780      -0.437775      0.0060599
            800      -0.439399     0.00612562
            820       -0.44043     0.00606275
            840      -0.441088     0.00595313
            860      -0.442187      0.0059159
            880      -0.442719     0.00580437
            900      -0.443011     0.00568143
            920      -0.444235     0.00568966
            940      -0.445078     0.00563072
            960      -0.445704     0.00554764
            980      -0.446773     0.00553744
           1000      -0.447597     0.00548781
