             20        1.18204              0
             40        1.17595     0.00609366
             60         1.1744     0.00384347
             80        1.17197     0.00364754
            100        1.17249     0.00287229
            120        1.17298     0.00239581
            140        1.17378     0.00217836
            160        1.17558      0.0026045
            180        1.17697     0.00268555
            200        1.17851     0.00285677
            220        1.17999     0.00297788
            240        1.18424     0.00504279
            260        1.18803      0.0059918
            280        1.19026     0.00597662
            300        1.19265     0.00605505
            320        1.19463     0.00600163
            340        1.19497     0.00564774
            360        1.19535     0.00533842
            380          1.195     0.00506201
            400        1.19465     0.00481502
            420        1.19382     0.00465504
            440        1.19368     0.00444051
            460        1.19337     0.00425464
            480        1.19331     0.00407387
            500        1.19313     0.00391191
            520        1.19315     0.00375855
            540        1.19307     0.00361771
            560        1.19209     0.00361975
            580        1.19197     0.00349472
            600         1.1913      0.0034428
            620         1.1911     0.00333583
            640         1.1913     0.00323595
            660        1.19202      0.0032181
            680        1.19288     0.00323794
            700        1.19448      0.0035291
            720        1.19599     0.00374775
            740        1.19768     0.00401858
            760        1.19855     0.00400528
            780        1.19958     0.00403647
            800        1.20066     0.00408035
            820        1.20135     0.00403854
            840        1.20179     0.00396551
            860        1.20252     0.00394064
            880        1.20288     0.00386625
            900        1.20307      0.0037843
            920        1.20388      0.0037896
            940        1.20444     0.00375013
            960        1.20486     0.00369463
            980        1.20557      0.0036876
           1000        1.20612     0.00365428
