             20        1.77307              0
             40        1.76393     0.00914048
             60         1.7616      0.0057652
             80        1.75796     0.00547132
            100        1.75873     0.00430844
            120        1.75947     0.00359372
            140        1.76067     0.00326755
            160        1.76336     0.00390674
            180        1.76545     0.00402832
            200        1.76777     0.00428515
            220        1.76999     0.00446682
            240        1.77636     0.00756418
            260        1.78205      0.0089877
            280        1.78539     0.00896493
            300        1.78897     0.00908258
            320        1.79195     0.00900245
            340        1.79246     0.00847161
            360        1.79303     0.00800763
            380         1.7925     0.00759301
            400        1.79197     0.00722252
            420        1.79072     0.00698257
            440        1.79052     0.00666076
            460        1.79005     0.00638197
            480        1.78997     0.00611081
            500        1.78969     0.00586787
            520        1.78973     0.00563782
            540         1.7896     0.00542657
            560        1.78814     0.00542963
            580        1.78796     0.00524208
            600        1.78695     0.00516421
            620        1.78665     0.00500374
            640        1.78695     0.00485393
            660        1.78803     0.00482715
            680        1.78932     0.00485691
            700        1.79172     0.00529365
            720        1.79399     0.00562163
            740        1.79653     0.00602787
            760        1.79782     0.00600792
            780        1.79937     0.00605471
            800          1.801     0.00612053
            820        1.80203      0.0060578
            840        1.80269     0.00594826
            860        1.80378     0.00591095
            880        1.80431     0.00579937
            900         1.8046     0.00567645
            920        1.80582     0.00568439
            940        1.80666      0.0056252
            960        1.80729     0.00554195
            980        1.80835      0.0055314
           1000        1.80918     0.00548142
