             20         1.3617              0
             40        1.36171    7.62453e-06
             60        1.36172     6.3886e-06
             80        1.36171    8.94709e-06
            100         1.3617    1.18146e-05
            120        1.36169    1.19628e-05
            140        1.36169    1.07472e-05
            160        1.36169    9.33797e-06
            180        1.36169     8.2474e-06
            200        1.36168    8.96118e-06
            220        1.36168    1.07746e-05
            240        1.36167    1.28252e-05
            260        1.36166    1.34494e-05
            280        1.36166    1.34979e-05
            300        1.36165     1.3121e-05
            320        1.36165    1.28584e-05
            340        1.36165    1.23694e-05
            360        1.36164    1.18908e-05
            380        1.36164    1.14002e-05
            400        1.36164    1.08508e-05
            420        1.36164    1.04038e-05
            440        1.36164    1.00623e-05
            460        1.36164    9.87536e-06
            480        1.36163      9.848e-06
            500        1.36163      9.979e-06
            520        1.36163    1.00402e-05
            540        1.36162    9.90891e-06
            560        1.36162    9.84939e-06
            580        1.36162    9.76647e-06
            600        1.36162    9.64644e-06
            620        1.36162     9.5314e-06
            640        1.36161    9.68015e-06
            660        1.36161    9.89464e-06
            680        1.36161    1.00348e-05
            700         1.3616    1.00425e-05
            720         1.3616    9.91288e-06
            740         1.3616    9.73051e-06
            760         1.3616    9.56913e-06
            780         1.3616    9.35469e-06
            800         1.3616    9.15316e-06
            820         1.3616    8.93231e-06
            840         1.3616    8.74505e-06
            860         1.3616    8.66704e-06
            880        1.36159     8.6949e-06
            900        1.36159    8.74201e-06
            920        1.36159    8.86533e-06
            940        1.36159    9.13993e-06
            960        1.36158    9.40295e-06
            980        1.36158    9.66451e-06
           1000        1.36158    1.01213e-05
