             50        1.81883              0
            100        1.83745      0.0186267
            150        1.84818      0.0151897
            200         1.8396      0.0137499
            250        1.82733      0.0162446
            300        1.82051      0.0149125
            350        1.81547      0.0135751
            400        1.81422      0.0118225
            450        1.81308       0.010489
            500        1.81209     0.00943298
            550         1.8091     0.00904194
            600        1.80851     0.00827546
            650        1.80933     0.00765634
            700        1.81066     0.00721248
            750        1.81077     0.00671541
            800        1.81202     0.00640359
            850        1.81384     0.00628502
            900        1.81324      0.0059562
            950        1.81065     0.00619789
           1000        1.80734     0.00674891
