             50        1.38452              0
            100        1.38455    2.74754e-05
            150        1.38455     1.6462e-05
            200        1.38454    1.23821e-05
            250        1.38454    1.02894e-05
            300        1.38453    1.11565e-05
            350        1.38452     1.0608e-05
            400        1.38452    9.72784e-06
            450        1.38452    8.61254e-06
            500        1.38452    7.77944e-06
            550        1.38453    7.31204e-06
            600        1.38453    7.82971e-06
            650        1.38453    7.70485e-06
            700        1.38453    7.30615e-06
            750        1.38453     6.9337e-06
            800        1.38453    6.54444e-06
            850        1.38453    6.94304e-06
            900        1.38453    6.81075e-06
            950        1.38452    7.03725e-06
           1000        1.38452    8.58523e-06
