             50      -0.434303              0
            100      -0.452903      0.0185992
            150      -0.463634      0.0151816
            200      -0.455054      0.0137428
            250      -0.442792      0.0162381
            300      -0.435983      0.0149045
            350      -0.430944       0.013567
            400        -0.4297      0.0118151
            450      -0.428555      0.0104827
            500      -0.427571     0.00942747
            550      -0.424577     0.00903789
            600      -0.423979     0.00827207
            650      -0.424796     0.00765294
            700      -0.426126     0.00720909
            750      -0.426241     0.00671229
            800      -0.427486     0.00640089
            850      -0.429311     0.00628353
            900       -0.42871     0.00595462
            950      -0.426129     0.00619535
           1000      -0.422822     0.00674416
