             50        1.21255              0
            100        1.22497      0.0124178
            150        1.23212      0.0101265
            200         1.2264     0.00916658
            250        1.21822      0.0108297
            300        1.21368     0.00994168
            350        1.21031     0.00905009
            400        1.20948     0.00788164
            450        1.20872     0.00699268
            500        1.20806     0.00628866
            550        1.20607     0.00602796
            600        1.20567     0.00551697
            650        1.20622     0.00510422
            700        1.20711     0.00480832
            750        1.20718     0.00447694
            800        1.20801     0.00426906
            850        1.20923     0.00419001
            900        1.20882      0.0039708
            950         1.2071     0.00413193
           1000        1.20489     0.00449927
